2021-06-09T09:27:39+00:00 CRITICAL Uncaught Error: Unknown named parameter $tasks_meta_id in C:\xampp\htdocs\basewordpress\wp-includes\class-wp-hook.php:292
Stack trace:
#0 C:\xampp\htdocs\basewordpress\wp-includes\class-wp-hook.php(316): WP_Hook->apply_filters('', Array)
#1 C:\xampp\htdocs\basewordpress\wp-includes\plugin.php(551): WP_Hook->do_action(Array)
#2 C:\xampp\htdocs\basewordpress\wp-content\plugins\woocommerce\packages\action-scheduler\classes\actions\ActionScheduler_Action.php(22): do_action_ref_array('wpforms_admin_n...', Array)
#3 C:\xampp\htdocs\basewordpress\wp-content\plugins\woocommerce\packages\action-scheduler\classes\abstracts\ActionScheduler_Abstract_QueueRunner.php(65): ActionScheduler_Action->execute()
#4 C:\xampp\htdocs\basewordpress\wp-content\plugins\woocommerce\packages\action-scheduler\classes\ActionScheduler_QueueRunner.php(162): ActionScheduler_Abstract_QueueRunner->process_action(115, 'Async Request')
#5 C:\xampp\htdocs\basewordpress\wp-content\plugins\woocommerce\packages\action-scheduler\classes\ActionScheduler_QueueRunner.php(132): ActionScheduler_QueueRunner->do_batch(25, 'Async Request')
#6 C:\xampp\htdocs\basewordpress\wp-includes\class-wp-hook.php(292): ActionScheduler_QueueRunner->run('Async Request')
#7 C:\xampp\htdocs\basewordpress\wp-includes\class-wp-hook.php(316): WP_Hook->apply_filters('', Array)
#8 C:\xampp\htdocs\basewordpress\wp-includes\plugin.php(484): WP_Hook->do_action(Array)
#9 C:\xampp\htdocs\basewordpress\wp-content\plugins\woocommerce\packages\action-scheduler\classes\ActionScheduler_AsyncRequest_QueueRunner.php(52): do_action('action_schedule...', 'Async Request')
#10 C:\xampp\htdocs\basewordpress\wp-content\plugins\woocommerce\includes\libraries\wp-async-request.php(147): ActionScheduler_AsyncRequest_QueueRunner->handle()
#11 C:\xampp\htdocs\basewordpress\wp-includes\class-wp-hook.php(292): WP_Async_Request->maybe_handle('')
#12 C:\xampp\htdocs\basewordpress\wp-includes\class-wp-hook.php(316): WP_Hook->apply_filters('', Array)
#13 C:\xampp\htdocs\basewordpress\wp-includes\plugin.php(484): WP_Hook->do_action(Array)
#14 C:\xampp\htdocs\basewordpress\wp-admin\admin-ajax.php(202): do_action('wp_ajax_nopriv_...')
#15 {main}
  thrown in C:\xampp\htdocs\basewordpress\wp-includes\class-wp-hook.php on line 292

2021-06-09T10:53:23+00:00 CRITICAL Uncaught Error: Unknown named parameter $tasks_meta_id in C:\xampp\htdocs\basewordpress\wp-includes\class-wp-hook.php:292
Stack trace:
#0 C:\xampp\htdocs\basewordpress\wp-includes\class-wp-hook.php(316): WP_Hook->apply_filters('', Array)
#1 C:\xampp\htdocs\basewordpress\wp-includes\plugin.php(551): WP_Hook->do_action(Array)
#2 C:\xampp\htdocs\basewordpress\wp-content\plugins\woocommerce\packages\action-scheduler\classes\actions\ActionScheduler_Action.php(22): do_action_ref_array('wpforms_admin_n...', Array)
#3 C:\xampp\htdocs\basewordpress\wp-content\plugins\woocommerce\packages\action-scheduler\classes\abstracts\ActionScheduler_Abstract_QueueRunner.php(65): ActionScheduler_Action->execute()
#4 C:\xampp\htdocs\basewordpress\wp-content\plugins\woocommerce\packages\action-scheduler\classes\ActionScheduler_QueueRunner.php(162): ActionScheduler_Abstract_QueueRunner->process_action(116, 'WP Cron')
#5 C:\xampp\htdocs\basewordpress\wp-content\plugins\woocommerce\packages\action-scheduler\classes\ActionScheduler_QueueRunner.php(132): ActionScheduler_QueueRunner->do_batch(25, 'WP Cron')
#6 C:\xampp\htdocs\basewordpress\wp-includes\class-wp-hook.php(292): ActionScheduler_QueueRunner->run('WP Cron')
#7 C:\xampp\htdocs\basewordpress\wp-includes\class-wp-hook.php(316): WP_Hook->apply_filters('', Array)
#8 C:\xampp\htdocs\basewordpress\wp-includes\plugin.php(551): WP_Hook->do_action(Array)
#9 C:\xampp\htdocs\basewordpress\wp-cron.php(138): do_action_ref_array('action_schedule...', Array)
#10 {main}
  thrown in C:\xampp\htdocs\basewordpress\wp-includes\class-wp-hook.php on line 292

2021-06-09T12:39:04+00:00 CRITICAL Uncaught Error: Unknown named parameter $tasks_meta_id in C:\xampp\htdocs\basewordpress\wp-includes\class-wp-hook.php:292
Stack trace:
#0 C:\xampp\htdocs\basewordpress\wp-includes\class-wp-hook.php(316): WP_Hook->apply_filters('', Array)
#1 C:\xampp\htdocs\basewordpress\wp-includes\plugin.php(551): WP_Hook->do_action(Array)
#2 C:\xampp\htdocs\basewordpress\wp-content\plugins\woocommerce\packages\action-scheduler\classes\actions\ActionScheduler_Action.php(22): do_action_ref_array('wpforms_admin_n...', Array)
#3 C:\xampp\htdocs\basewordpress\wp-content\plugins\woocommerce\packages\action-scheduler\classes\abstracts\ActionScheduler_Abstract_QueueRunner.php(65): ActionScheduler_Action->execute()
#4 C:\xampp\htdocs\basewordpress\wp-content\plugins\woocommerce\packages\action-scheduler\classes\ActionScheduler_QueueRunner.php(162): ActionScheduler_Abstract_QueueRunner->process_action(117, 'WP Cron')
#5 C:\xampp\htdocs\basewordpress\wp-content\plugins\woocommerce\packages\action-scheduler\classes\ActionScheduler_QueueRunner.php(132): ActionScheduler_QueueRunner->do_batch(25, 'WP Cron')
#6 C:\xampp\htdocs\basewordpress\wp-includes\class-wp-hook.php(292): ActionScheduler_QueueRunner->run('WP Cron')
#7 C:\xampp\htdocs\basewordpress\wp-includes\class-wp-hook.php(316): WP_Hook->apply_filters('', Array)
#8 C:\xampp\htdocs\basewordpress\wp-includes\plugin.php(551): WP_Hook->do_action(Array)
#9 C:\xampp\htdocs\basewordpress\wp-cron.php(138): do_action_ref_array('action_schedule...', Array)
#10 {main}
  thrown in C:\xampp\htdocs\basewordpress\wp-includes\class-wp-hook.php on line 292

2021-06-09T12:40:09+00:00 CRITICAL Uncaught Error: Unknown named parameter $tasks_meta_id in C:\xampp\htdocs\basewordpress\wp-includes\class-wp-hook.php:292
Stack trace:
#0 C:\xampp\htdocs\basewordpress\wp-includes\class-wp-hook.php(316): WP_Hook->apply_filters('', Array)
#1 C:\xampp\htdocs\basewordpress\wp-includes\plugin.php(551): WP_Hook->do_action(Array)
#2 C:\xampp\htdocs\basewordpress\wp-content\plugins\woocommerce\packages\action-scheduler\classes\actions\ActionScheduler_Action.php(22): do_action_ref_array('wpforms_admin_n...', Array)
#3 C:\xampp\htdocs\basewordpress\wp-content\plugins\woocommerce\packages\action-scheduler\classes\abstracts\ActionScheduler_Abstract_QueueRunner.php(65): ActionScheduler_Action->execute()
#4 C:\xampp\htdocs\basewordpress\wp-content\plugins\woocommerce\packages\action-scheduler\classes\ActionScheduler_QueueRunner.php(162): ActionScheduler_Abstract_QueueRunner->process_action(118, 'WP Cron')
#5 C:\xampp\htdocs\basewordpress\wp-content\plugins\woocommerce\packages\action-scheduler\classes\ActionScheduler_QueueRunner.php(132): ActionScheduler_QueueRunner->do_batch(25, 'WP Cron')
#6 C:\xampp\htdocs\basewordpress\wp-includes\class-wp-hook.php(292): ActionScheduler_QueueRunner->run('WP Cron')
#7 C:\xampp\htdocs\basewordpress\wp-includes\class-wp-hook.php(316): WP_Hook->apply_filters('', Array)
#8 C:\xampp\htdocs\basewordpress\wp-includes\plugin.php(551): WP_Hook->do_action(Array)
#9 C:\xampp\htdocs\basewordpress\wp-cron.php(138): do_action_ref_array('action_schedule...', Array)
#10 {main}
  thrown in C:\xampp\htdocs\basewordpress\wp-includes\class-wp-hook.php on line 292

2021-06-09T12:40:11+00:00 CRITICAL Uncaught Error: Unknown named parameter $tasks_meta_id in C:\xampp\htdocs\basewordpress\wp-includes\class-wp-hook.php:292
Stack trace:
#0 C:\xampp\htdocs\basewordpress\wp-includes\class-wp-hook.php(316): WP_Hook->apply_filters('', Array)
#1 C:\xampp\htdocs\basewordpress\wp-includes\plugin.php(551): WP_Hook->do_action(Array)
#2 C:\xampp\htdocs\basewordpress\wp-content\plugins\woocommerce\packages\action-scheduler\classes\actions\ActionScheduler_Action.php(22): do_action_ref_array('wpforms_admin_n...', Array)
#3 C:\xampp\htdocs\basewordpress\wp-content\plugins\woocommerce\packages\action-scheduler\classes\abstracts\ActionScheduler_Abstract_QueueRunner.php(65): ActionScheduler_Action->execute()
#4 C:\xampp\htdocs\basewordpress\wp-content\plugins\woocommerce\packages\action-scheduler\classes\ActionScheduler_QueueRunner.php(162): ActionScheduler_Abstract_QueueRunner->process_action(119, 'Async Request')
#5 C:\xampp\htdocs\basewordpress\wp-content\plugins\woocommerce\packages\action-scheduler\classes\ActionScheduler_QueueRunner.php(132): ActionScheduler_QueueRunner->do_batch(25, 'Async Request')
#6 C:\xampp\htdocs\basewordpress\wp-includes\class-wp-hook.php(292): ActionScheduler_QueueRunner->run('Async Request')
#7 C:\xampp\htdocs\basewordpress\wp-includes\class-wp-hook.php(316): WP_Hook->apply_filters('', Array)
#8 C:\xampp\htdocs\basewordpress\wp-includes\plugin.php(484): WP_Hook->do_action(Array)
#9 C:\xampp\htdocs\basewordpress\wp-content\plugins\woocommerce\packages\action-scheduler\classes\ActionScheduler_AsyncRequest_QueueRunner.php(52): do_action('action_schedule...', 'Async Request')
#10 C:\xampp\htdocs\basewordpress\wp-content\plugins\woocommerce\includes\libraries\wp-async-request.php(147): ActionScheduler_AsyncRequest_QueueRunner->handle()
#11 C:\xampp\htdocs\basewordpress\wp-includes\class-wp-hook.php(292): WP_Async_Request->maybe_handle('')
#12 C:\xampp\htdocs\basewordpress\wp-includes\class-wp-hook.php(316): WP_Hook->apply_filters('', Array)
#13 C:\xampp\htdocs\basewordpress\wp-includes\plugin.php(484): WP_Hook->do_action(Array)
#14 C:\xampp\htdocs\basewordpress\wp-admin\admin-ajax.php(187): do_action('wp_ajax_as_asyn...')
#15 {main}
  thrown in C:\xampp\htdocs\basewordpress\wp-includes\class-wp-hook.php on line 292

2021-06-09T12:42:02+00:00 CRITICAL Uncaught Error: Unknown named parameter $tasks_meta_id in C:\xampp\htdocs\basewordpress\wp-includes\class-wp-hook.php:292
Stack trace:
#0 C:\xampp\htdocs\basewordpress\wp-includes\class-wp-hook.php(316): WP_Hook->apply_filters('', Array)
#1 C:\xampp\htdocs\basewordpress\wp-includes\plugin.php(551): WP_Hook->do_action(Array)
#2 C:\xampp\htdocs\basewordpress\wp-content\plugins\woocommerce\packages\action-scheduler\classes\actions\ActionScheduler_Action.php(22): do_action_ref_array('wpforms_admin_n...', Array)
#3 C:\xampp\htdocs\basewordpress\wp-content\plugins\woocommerce\packages\action-scheduler\classes\abstracts\ActionScheduler_Abstract_QueueRunner.php(65): ActionScheduler_Action->execute()
#4 C:\xampp\htdocs\basewordpress\wp-content\plugins\woocommerce\packages\action-scheduler\classes\ActionScheduler_QueueRunner.php(162): ActionScheduler_Abstract_QueueRunner->process_action(120, 'WP Cron')
#5 C:\xampp\htdocs\basewordpress\wp-content\plugins\woocommerce\packages\action-scheduler\classes\ActionScheduler_QueueRunner.php(132): ActionScheduler_QueueRunner->do_batch(25, 'WP Cron')
#6 C:\xampp\htdocs\basewordpress\wp-includes\class-wp-hook.php(292): ActionScheduler_QueueRunner->run('WP Cron')
#7 C:\xampp\htdocs\basewordpress\wp-includes\class-wp-hook.php(316): WP_Hook->apply_filters('', Array)
#8 C:\xampp\htdocs\basewordpress\wp-includes\plugin.php(551): WP_Hook->do_action(Array)
#9 C:\xampp\htdocs\basewordpress\wp-cron.php(138): do_action_ref_array('action_schedule...', Array)
#10 {main}
  thrown in C:\xampp\htdocs\basewordpress\wp-includes\class-wp-hook.php on line 292

2021-06-09T12:45:23+00:00 CRITICAL Uncaught Error: Unknown named parameter $tasks_meta_id in C:\xampp\htdocs\basewordpress\wp-includes\class-wp-hook.php:292
Stack trace:
#0 C:\xampp\htdocs\basewordpress\wp-includes\class-wp-hook.php(316): WP_Hook->apply_filters('', Array)
#1 C:\xampp\htdocs\basewordpress\wp-includes\plugin.php(551): WP_Hook->do_action(Array)
#2 C:\xampp\htdocs\basewordpress\wp-content\plugins\woocommerce\packages\action-scheduler\classes\actions\ActionScheduler_Action.php(22): do_action_ref_array('wpforms_admin_n...', Array)
#3 C:\xampp\htdocs\basewordpress\wp-content\plugins\woocommerce\packages\action-scheduler\classes\abstracts\ActionScheduler_Abstract_QueueRunner.php(65): ActionScheduler_Action->execute()
#4 C:\xampp\htdocs\basewordpress\wp-content\plugins\woocommerce\packages\action-scheduler\classes\ActionScheduler_QueueRunner.php(162): ActionScheduler_Abstract_QueueRunner->process_action(121, 'WP Cron')
#5 C:\xampp\htdocs\basewordpress\wp-content\plugins\woocommerce\packages\action-scheduler\classes\ActionScheduler_QueueRunner.php(132): ActionScheduler_QueueRunner->do_batch(25, 'WP Cron')
#6 C:\xampp\htdocs\basewordpress\wp-includes\class-wp-hook.php(292): ActionScheduler_QueueRunner->run('WP Cron')
#7 C:\xampp\htdocs\basewordpress\wp-includes\class-wp-hook.php(316): WP_Hook->apply_filters('', Array)
#8 C:\xampp\htdocs\basewordpress\wp-includes\plugin.php(551): WP_Hook->do_action(Array)
#9 C:\xampp\htdocs\basewordpress\wp-cron.php(138): do_action_ref_array('action_schedule...', Array)
#10 {main}
  thrown in C:\xampp\htdocs\basewordpress\wp-includes\class-wp-hook.php on line 292

2021-06-09T12:46:26+00:00 CRITICAL Uncaught Error: Unknown named parameter $tasks_meta_id in C:\xampp\htdocs\basewordpress\wp-includes\class-wp-hook.php:292
Stack trace:
#0 C:\xampp\htdocs\basewordpress\wp-includes\class-wp-hook.php(316): WP_Hook->apply_filters('', Array)
#1 C:\xampp\htdocs\basewordpress\wp-includes\plugin.php(551): WP_Hook->do_action(Array)
#2 C:\xampp\htdocs\basewordpress\wp-content\plugins\woocommerce\packages\action-scheduler\classes\actions\ActionScheduler_Action.php(22): do_action_ref_array('wpforms_admin_n...', Array)
#3 C:\xampp\htdocs\basewordpress\wp-content\plugins\woocommerce\packages\action-scheduler\classes\abstracts\ActionScheduler_Abstract_QueueRunner.php(65): ActionScheduler_Action->execute()
#4 C:\xampp\htdocs\basewordpress\wp-content\plugins\woocommerce\packages\action-scheduler\classes\ActionScheduler_QueueRunner.php(162): ActionScheduler_Abstract_QueueRunner->process_action(122, 'WP Cron')
#5 C:\xampp\htdocs\basewordpress\wp-content\plugins\woocommerce\packages\action-scheduler\classes\ActionScheduler_QueueRunner.php(132): ActionScheduler_QueueRunner->do_batch(25, 'WP Cron')
#6 C:\xampp\htdocs\basewordpress\wp-includes\class-wp-hook.php(292): ActionScheduler_QueueRunner->run('WP Cron')
#7 C:\xampp\htdocs\basewordpress\wp-includes\class-wp-hook.php(316): WP_Hook->apply_filters('', Array)
#8 C:\xampp\htdocs\basewordpress\wp-includes\plugin.php(551): WP_Hook->do_action(Array)
#9 C:\xampp\htdocs\basewordpress\wp-cron.php(138): do_action_ref_array('action_schedule...', Array)
#10 {main}
  thrown in C:\xampp\htdocs\basewordpress\wp-includes\class-wp-hook.php on line 292

2021-06-09T12:46:28+00:00 CRITICAL Uncaught Error: Unknown named parameter $tasks_meta_id in C:\xampp\htdocs\basewordpress\wp-includes\class-wp-hook.php:292
Stack trace:
#0 C:\xampp\htdocs\basewordpress\wp-includes\class-wp-hook.php(316): WP_Hook->apply_filters('', Array)
#1 C:\xampp\htdocs\basewordpress\wp-includes\plugin.php(551): WP_Hook->do_action(Array)
#2 C:\xampp\htdocs\basewordpress\wp-content\plugins\woocommerce\packages\action-scheduler\classes\actions\ActionScheduler_Action.php(22): do_action_ref_array('wpforms_admin_n...', Array)
#3 C:\xampp\htdocs\basewordpress\wp-content\plugins\woocommerce\packages\action-scheduler\classes\abstracts\ActionScheduler_Abstract_QueueRunner.php(65): ActionScheduler_Action->execute()
#4 C:\xampp\htdocs\basewordpress\wp-content\plugins\woocommerce\packages\action-scheduler\classes\ActionScheduler_QueueRunner.php(162): ActionScheduler_Abstract_QueueRunner->process_action(123, 'Async Request')
#5 C:\xampp\htdocs\basewordpress\wp-content\plugins\woocommerce\packages\action-scheduler\classes\ActionScheduler_QueueRunner.php(132): ActionScheduler_QueueRunner->do_batch(25, 'Async Request')
#6 C:\xampp\htdocs\basewordpress\wp-includes\class-wp-hook.php(292): ActionScheduler_QueueRunner->run('Async Request')
#7 C:\xampp\htdocs\basewordpress\wp-includes\class-wp-hook.php(316): WP_Hook->apply_filters('', Array)
#8 C:\xampp\htdocs\basewordpress\wp-includes\plugin.php(484): WP_Hook->do_action(Array)
#9 C:\xampp\htdocs\basewordpress\wp-content\plugins\woocommerce\packages\action-scheduler\classes\ActionScheduler_AsyncRequest_QueueRunner.php(52): do_action('action_schedule...', 'Async Request')
#10 C:\xampp\htdocs\basewordpress\wp-content\plugins\woocommerce\includes\libraries\wp-async-request.php(147): ActionScheduler_AsyncRequest_QueueRunner->handle()
#11 C:\xampp\htdocs\basewordpress\wp-includes\class-wp-hook.php(292): WP_Async_Request->maybe_handle('')
#12 C:\xampp\htdocs\basewordpress\wp-includes\class-wp-hook.php(316): WP_Hook->apply_filters('', Array)
#13 C:\xampp\htdocs\basewordpress\wp-includes\plugin.php(484): WP_Hook->do_action(Array)
#14 C:\xampp\htdocs\basewordpress\wp-admin\admin-ajax.php(187): do_action('wp_ajax_as_asyn...')
#15 {main}
  thrown in C:\xampp\htdocs\basewordpress\wp-includes\class-wp-hook.php on line 292

2021-06-09T13:51:56+00:00 CRITICAL Uncaught Error: Unknown named parameter $tasks_meta_id in C:\xampp\htdocs\basewordpress\wp-includes\class-wp-hook.php:292
Stack trace:
#0 C:\xampp\htdocs\basewordpress\wp-includes\class-wp-hook.php(316): WP_Hook->apply_filters('', Array)
#1 C:\xampp\htdocs\basewordpress\wp-includes\plugin.php(551): WP_Hook->do_action(Array)
#2 C:\xampp\htdocs\basewordpress\wp-content\plugins\woocommerce\packages\action-scheduler\classes\actions\ActionScheduler_Action.php(22): do_action_ref_array('wpforms_admin_n...', Array)
#3 C:\xampp\htdocs\basewordpress\wp-content\plugins\woocommerce\packages\action-scheduler\classes\abstracts\ActionScheduler_Abstract_QueueRunner.php(65): ActionScheduler_Action->execute()
#4 C:\xampp\htdocs\basewordpress\wp-content\plugins\woocommerce\packages\action-scheduler\classes\ActionScheduler_QueueRunner.php(162): ActionScheduler_Abstract_QueueRunner->process_action(124, 'WP Cron')
#5 C:\xampp\htdocs\basewordpress\wp-content\plugins\woocommerce\packages\action-scheduler\classes\ActionScheduler_QueueRunner.php(132): ActionScheduler_QueueRunner->do_batch(25, 'WP Cron')
#6 C:\xampp\htdocs\basewordpress\wp-includes\class-wp-hook.php(292): ActionScheduler_QueueRunner->run('WP Cron')
#7 C:\xampp\htdocs\basewordpress\wp-includes\class-wp-hook.php(316): WP_Hook->apply_filters('', Array)
#8 C:\xampp\htdocs\basewordpress\wp-includes\plugin.php(551): WP_Hook->do_action(Array)
#9 C:\xampp\htdocs\basewordpress\wp-cron.php(138): do_action_ref_array('action_schedule...', Array)
#10 {main}
  thrown in C:\xampp\htdocs\basewordpress\wp-includes\class-wp-hook.php on line 292

2021-06-09T13:58:55+00:00 CRITICAL Uncaught Error: Unknown named parameter $tasks_meta_id in C:\xampp\htdocs\basewordpress\wp-includes\class-wp-hook.php:292
Stack trace:
#0 C:\xampp\htdocs\basewordpress\wp-includes\class-wp-hook.php(316): WP_Hook->apply_filters('', Array)
#1 C:\xampp\htdocs\basewordpress\wp-includes\plugin.php(551): WP_Hook->do_action(Array)
#2 C:\xampp\htdocs\basewordpress\wp-content\plugins\woocommerce\packages\action-scheduler\classes\actions\ActionScheduler_Action.php(22): do_action_ref_array('wpforms_admin_n...', Array)
#3 C:\xampp\htdocs\basewordpress\wp-content\plugins\woocommerce\packages\action-scheduler\classes\abstracts\ActionScheduler_Abstract_QueueRunner.php(65): ActionScheduler_Action->execute()
#4 C:\xampp\htdocs\basewordpress\wp-content\plugins\woocommerce\packages\action-scheduler\classes\ActionScheduler_QueueRunner.php(162): ActionScheduler_Abstract_QueueRunner->process_action(125, 'WP Cron')
#5 C:\xampp\htdocs\basewordpress\wp-content\plugins\woocommerce\packages\action-scheduler\classes\ActionScheduler_QueueRunner.php(132): ActionScheduler_QueueRunner->do_batch(25, 'WP Cron')
#6 C:\xampp\htdocs\basewordpress\wp-includes\class-wp-hook.php(292): ActionScheduler_QueueRunner->run('WP Cron')
#7 C:\xampp\htdocs\basewordpress\wp-includes\class-wp-hook.php(316): WP_Hook->apply_filters('', Array)
#8 C:\xampp\htdocs\basewordpress\wp-includes\plugin.php(551): WP_Hook->do_action(Array)
#9 C:\xampp\htdocs\basewordpress\wp-cron.php(138): do_action_ref_array('action_schedule...', Array)
#10 {main}
  thrown in C:\xampp\htdocs\basewordpress\wp-includes\class-wp-hook.php on line 292

2021-06-09T13:59:00+00:00 CRITICAL Uncaught Error: Unknown named parameter $tasks_meta_id in C:\xampp\htdocs\basewordpress\wp-includes\class-wp-hook.php:292
Stack trace:
#0 C:\xampp\htdocs\basewordpress\wp-includes\class-wp-hook.php(316): WP_Hook->apply_filters('', Array)
#1 C:\xampp\htdocs\basewordpress\wp-includes\plugin.php(551): WP_Hook->do_action(Array)
#2 C:\xampp\htdocs\basewordpress\wp-content\plugins\woocommerce\packages\action-scheduler\classes\actions\ActionScheduler_Action.php(22): do_action_ref_array('wpforms_admin_n...', Array)
#3 C:\xampp\htdocs\basewordpress\wp-content\plugins\woocommerce\packages\action-scheduler\classes\abstracts\ActionScheduler_Abstract_QueueRunner.php(65): ActionScheduler_Action->execute()
#4 C:\xampp\htdocs\basewordpress\wp-content\plugins\woocommerce\packages\action-scheduler\classes\ActionScheduler_QueueRunner.php(162): ActionScheduler_Abstract_QueueRunner->process_action(126, 'Async Request')
#5 C:\xampp\htdocs\basewordpress\wp-content\plugins\woocommerce\packages\action-scheduler\classes\ActionScheduler_QueueRunner.php(132): ActionScheduler_QueueRunner->do_batch(25, 'Async Request')
#6 C:\xampp\htdocs\basewordpress\wp-includes\class-wp-hook.php(292): ActionScheduler_QueueRunner->run('Async Request')
#7 C:\xampp\htdocs\basewordpress\wp-includes\class-wp-hook.php(316): WP_Hook->apply_filters('', Array)
#8 C:\xampp\htdocs\basewordpress\wp-includes\plugin.php(484): WP_Hook->do_action(Array)
#9 C:\xampp\htdocs\basewordpress\wp-content\plugins\woocommerce\packages\action-scheduler\classes\ActionScheduler_AsyncRequest_QueueRunner.php(52): do_action('action_schedule...', 'Async Request')
#10 C:\xampp\htdocs\basewordpress\wp-content\plugins\woocommerce\includes\libraries\wp-async-request.php(147): ActionScheduler_AsyncRequest_QueueRunner->handle()
#11 C:\xampp\htdocs\basewordpress\wp-includes\class-wp-hook.php(292): WP_Async_Request->maybe_handle('')
#12 C:\xampp\htdocs\basewordpress\wp-includes\class-wp-hook.php(316): WP_Hook->apply_filters('', Array)
#13 C:\xampp\htdocs\basewordpress\wp-includes\plugin.php(484): WP_Hook->do_action(Array)
#14 C:\xampp\htdocs\basewordpress\wp-admin\admin-ajax.php(187): do_action('wp_ajax_as_asyn...')
#15 {main}
  thrown in C:\xampp\htdocs\basewordpress\wp-includes\class-wp-hook.php on line 292

2021-06-09T14:00:36+00:00 CRITICAL Uncaught Error: Unknown named parameter $tasks_meta_id in C:\xampp\htdocs\basewordpress\wp-includes\class-wp-hook.php:292
Stack trace:
#0 C:\xampp\htdocs\basewordpress\wp-includes\class-wp-hook.php(316): WP_Hook->apply_filters('', Array)
#1 C:\xampp\htdocs\basewordpress\wp-includes\plugin.php(551): WP_Hook->do_action(Array)
#2 C:\xampp\htdocs\basewordpress\wp-content\plugins\woocommerce\packages\action-scheduler\classes\actions\ActionScheduler_Action.php(22): do_action_ref_array('wpforms_admin_n...', Array)
#3 C:\xampp\htdocs\basewordpress\wp-content\plugins\woocommerce\packages\action-scheduler\classes\abstracts\ActionScheduler_Abstract_QueueRunner.php(65): ActionScheduler_Action->execute()
#4 C:\xampp\htdocs\basewordpress\wp-content\plugins\woocommerce\packages\action-scheduler\classes\ActionScheduler_QueueRunner.php(162): ActionScheduler_Abstract_QueueRunner->process_action(127, 'WP Cron')
#5 C:\xampp\htdocs\basewordpress\wp-content\plugins\woocommerce\packages\action-scheduler\classes\ActionScheduler_QueueRunner.php(132): ActionScheduler_QueueRunner->do_batch(25, 'WP Cron')
#6 C:\xampp\htdocs\basewordpress\wp-includes\class-wp-hook.php(292): ActionScheduler_QueueRunner->run('WP Cron')
#7 C:\xampp\htdocs\basewordpress\wp-includes\class-wp-hook.php(316): WP_Hook->apply_filters('', Array)
#8 C:\xampp\htdocs\basewordpress\wp-includes\plugin.php(551): WP_Hook->do_action(Array)
#9 C:\xampp\htdocs\basewordpress\wp-cron.php(138): do_action_ref_array('action_schedule...', Array)
#10 {main}
  thrown in C:\xampp\htdocs\basewordpress\wp-includes\class-wp-hook.php on line 292

2021-06-09T14:01:41+00:00 CRITICAL Uncaught Error: Unknown named parameter $tasks_meta_id in C:\xampp\htdocs\basewordpress\wp-includes\class-wp-hook.php:292
Stack trace:
#0 C:\xampp\htdocs\basewordpress\wp-includes\class-wp-hook.php(316): WP_Hook->apply_filters('', Array)
#1 C:\xampp\htdocs\basewordpress\wp-includes\plugin.php(551): WP_Hook->do_action(Array)
#2 C:\xampp\htdocs\basewordpress\wp-content\plugins\woocommerce\packages\action-scheduler\classes\actions\ActionScheduler_Action.php(22): do_action_ref_array('wpforms_admin_n...', Array)
#3 C:\xampp\htdocs\basewordpress\wp-content\plugins\woocommerce\packages\action-scheduler\classes\abstracts\ActionScheduler_Abstract_QueueRunner.php(65): ActionScheduler_Action->execute()
#4 C:\xampp\htdocs\basewordpress\wp-content\plugins\woocommerce\packages\action-scheduler\classes\ActionScheduler_QueueRunner.php(162): ActionScheduler_Abstract_QueueRunner->process_action(128, 'WP Cron')
#5 C:\xampp\htdocs\basewordpress\wp-content\plugins\woocommerce\packages\action-scheduler\classes\ActionScheduler_QueueRunner.php(132): ActionScheduler_QueueRunner->do_batch(25, 'WP Cron')
#6 C:\xampp\htdocs\basewordpress\wp-includes\class-wp-hook.php(292): ActionScheduler_QueueRunner->run('WP Cron')
#7 C:\xampp\htdocs\basewordpress\wp-includes\class-wp-hook.php(316): WP_Hook->apply_filters('', Array)
#8 C:\xampp\htdocs\basewordpress\wp-includes\plugin.php(551): WP_Hook->do_action(Array)
#9 C:\xampp\htdocs\basewordpress\wp-cron.php(138): do_action_ref_array('action_schedule...', Array)
#10 {main}
  thrown in C:\xampp\htdocs\basewordpress\wp-includes\class-wp-hook.php on line 292

2021-06-09T14:03:00+00:00 CRITICAL Uncaught Error: Unknown named parameter $tasks_meta_id in C:\xampp\htdocs\basewordpress\wp-includes\class-wp-hook.php:292
Stack trace:
#0 C:\xampp\htdocs\basewordpress\wp-includes\class-wp-hook.php(316): WP_Hook->apply_filters('', Array)
#1 C:\xampp\htdocs\basewordpress\wp-includes\plugin.php(551): WP_Hook->do_action(Array)
#2 C:\xampp\htdocs\basewordpress\wp-content\plugins\woocommerce\packages\action-scheduler\classes\actions\ActionScheduler_Action.php(22): do_action_ref_array('wpforms_admin_n...', Array)
#3 C:\xampp\htdocs\basewordpress\wp-content\plugins\woocommerce\packages\action-scheduler\classes\abstracts\ActionScheduler_Abstract_QueueRunner.php(65): ActionScheduler_Action->execute()
#4 C:\xampp\htdocs\basewordpress\wp-content\plugins\woocommerce\packages\action-scheduler\classes\ActionScheduler_QueueRunner.php(162): ActionScheduler_Abstract_QueueRunner->process_action(129, 'WP Cron')
#5 C:\xampp\htdocs\basewordpress\wp-content\plugins\woocommerce\packages\action-scheduler\classes\ActionScheduler_QueueRunner.php(132): ActionScheduler_QueueRunner->do_batch(25, 'WP Cron')
#6 C:\xampp\htdocs\basewordpress\wp-includes\class-wp-hook.php(292): ActionScheduler_QueueRunner->run('WP Cron')
#7 C:\xampp\htdocs\basewordpress\wp-includes\class-wp-hook.php(316): WP_Hook->apply_filters('', Array)
#8 C:\xampp\htdocs\basewordpress\wp-includes\plugin.php(551): WP_Hook->do_action(Array)
#9 C:\xampp\htdocs\basewordpress\wp-cron.php(138): do_action_ref_array('action_schedule...', Array)
#10 {main}
  thrown in C:\xampp\htdocs\basewordpress\wp-includes\class-wp-hook.php on line 292

2021-06-09T14:07:13+00:00 CRITICAL Uncaught Error: Unknown named parameter $tasks_meta_id in C:\xampp\htdocs\basewordpress\wp-includes\class-wp-hook.php:292
Stack trace:
#0 C:\xampp\htdocs\basewordpress\wp-includes\class-wp-hook.php(316): WP_Hook->apply_filters('', Array)
#1 C:\xampp\htdocs\basewordpress\wp-includes\plugin.php(551): WP_Hook->do_action(Array)
#2 C:\xampp\htdocs\basewordpress\wp-content\plugins\woocommerce\packages\action-scheduler\classes\actions\ActionScheduler_Action.php(22): do_action_ref_array('wpforms_admin_n...', Array)
#3 C:\xampp\htdocs\basewordpress\wp-content\plugins\woocommerce\packages\action-scheduler\classes\abstracts\ActionScheduler_Abstract_QueueRunner.php(65): ActionScheduler_Action->execute()
#4 C:\xampp\htdocs\basewordpress\wp-content\plugins\woocommerce\packages\action-scheduler\classes\ActionScheduler_QueueRunner.php(162): ActionScheduler_Abstract_QueueRunner->process_action(130, 'Async Request')
#5 C:\xampp\htdocs\basewordpress\wp-content\plugins\woocommerce\packages\action-scheduler\classes\ActionScheduler_QueueRunner.php(132): ActionScheduler_QueueRunner->do_batch(25, 'Async Request')
#6 C:\xampp\htdocs\basewordpress\wp-includes\class-wp-hook.php(292): ActionScheduler_QueueRunner->run('Async Request')
#7 C:\xampp\htdocs\basewordpress\wp-includes\class-wp-hook.php(316): WP_Hook->apply_filters('', Array)
#8 C:\xampp\htdocs\basewordpress\wp-includes\plugin.php(484): WP_Hook->do_action(Array)
#9 C:\xampp\htdocs\basewordpress\wp-content\plugins\woocommerce\packages\action-scheduler\classes\ActionScheduler_AsyncRequest_QueueRunner.php(52): do_action('action_schedule...', 'Async Request')
#10 C:\xampp\htdocs\basewordpress\wp-content\plugins\woocommerce\includes\libraries\wp-async-request.php(147): ActionScheduler_AsyncRequest_QueueRunner->handle()
#11 C:\xampp\htdocs\basewordpress\wp-includes\class-wp-hook.php(292): WP_Async_Request->maybe_handle('')
#12 C:\xampp\htdocs\basewordpress\wp-includes\class-wp-hook.php(316): WP_Hook->apply_filters('', Array)
#13 C:\xampp\htdocs\basewordpress\wp-includes\plugin.php(484): WP_Hook->do_action(Array)
#14 C:\xampp\htdocs\basewordpress\wp-admin\admin-ajax.php(187): do_action('wp_ajax_as_asyn...')
#15 {main}
  thrown in C:\xampp\htdocs\basewordpress\wp-includes\class-wp-hook.php on line 292

2021-06-09T14:08:24+00:00 CRITICAL Uncaught Error: Unknown named parameter $tasks_meta_id in C:\xampp\htdocs\basewordpress\wp-includes\class-wp-hook.php:292
Stack trace:
#0 C:\xampp\htdocs\basewordpress\wp-includes\class-wp-hook.php(316): WP_Hook->apply_filters('', Array)
#1 C:\xampp\htdocs\basewordpress\wp-includes\plugin.php(551): WP_Hook->do_action(Array)
#2 C:\xampp\htdocs\basewordpress\wp-content\plugins\woocommerce\packages\action-scheduler\classes\actions\ActionScheduler_Action.php(22): do_action_ref_array('wpforms_admin_n...', Array)
#3 C:\xampp\htdocs\basewordpress\wp-content\plugins\woocommerce\packages\action-scheduler\classes\abstracts\ActionScheduler_Abstract_QueueRunner.php(65): ActionScheduler_Action->execute()
#4 C:\xampp\htdocs\basewordpress\wp-content\plugins\woocommerce\packages\action-scheduler\classes\ActionScheduler_QueueRunner.php(162): ActionScheduler_Abstract_QueueRunner->process_action(131, 'WP Cron')
#5 C:\xampp\htdocs\basewordpress\wp-content\plugins\woocommerce\packages\action-scheduler\classes\ActionScheduler_QueueRunner.php(132): ActionScheduler_QueueRunner->do_batch(25, 'WP Cron')
#6 C:\xampp\htdocs\basewordpress\wp-includes\class-wp-hook.php(292): ActionScheduler_QueueRunner->run('WP Cron')
#7 C:\xampp\htdocs\basewordpress\wp-includes\class-wp-hook.php(316): WP_Hook->apply_filters('', Array)
#8 C:\xampp\htdocs\basewordpress\wp-includes\plugin.php(551): WP_Hook->do_action(Array)
#9 C:\xampp\htdocs\basewordpress\wp-cron.php(138): do_action_ref_array('action_schedule...', Array)
#10 {main}
  thrown in C:\xampp\htdocs\basewordpress\wp-includes\class-wp-hook.php on line 292

2021-06-09T14:08:31+00:00 CRITICAL Uncaught Error: Unknown named parameter $tasks_meta_id in C:\xampp\htdocs\basewordpress\wp-includes\class-wp-hook.php:292
Stack trace:
#0 C:\xampp\htdocs\basewordpress\wp-includes\class-wp-hook.php(316): WP_Hook->apply_filters('', Array)
#1 C:\xampp\htdocs\basewordpress\wp-includes\plugin.php(551): WP_Hook->do_action(Array)
#2 C:\xampp\htdocs\basewordpress\wp-content\plugins\woocommerce\packages\action-scheduler\classes\actions\ActionScheduler_Action.php(22): do_action_ref_array('wpforms_admin_n...', Array)
#3 C:\xampp\htdocs\basewordpress\wp-content\plugins\woocommerce\packages\action-scheduler\classes\abstracts\ActionScheduler_Abstract_QueueRunner.php(65): ActionScheduler_Action->execute()
#4 C:\xampp\htdocs\basewordpress\wp-content\plugins\woocommerce\packages\action-scheduler\classes\ActionScheduler_QueueRunner.php(162): ActionScheduler_Abstract_QueueRunner->process_action(133, 'Async Request')
#5 C:\xampp\htdocs\basewordpress\wp-content\plugins\woocommerce\packages\action-scheduler\classes\ActionScheduler_QueueRunner.php(132): ActionScheduler_QueueRunner->do_batch(25, 'Async Request')
#6 C:\xampp\htdocs\basewordpress\wp-includes\class-wp-hook.php(292): ActionScheduler_QueueRunner->run('Async Request')
#7 C:\xampp\htdocs\basewordpress\wp-includes\class-wp-hook.php(316): WP_Hook->apply_filters('', Array)
#8 C:\xampp\htdocs\basewordpress\wp-includes\plugin.php(484): WP_Hook->do_action(Array)
#9 C:\xampp\htdocs\basewordpress\wp-content\plugins\woocommerce\packages\action-scheduler\classes\ActionScheduler_AsyncRequest_QueueRunner.php(52): do_action('action_schedule...', 'Async Request')
#10 C:\xampp\htdocs\basewordpress\wp-content\plugins\woocommerce\includes\libraries\wp-async-request.php(147): ActionScheduler_AsyncRequest_QueueRunner->handle()
#11 C:\xampp\htdocs\basewordpress\wp-includes\class-wp-hook.php(292): WP_Async_Request->maybe_handle('')
#12 C:\xampp\htdocs\basewordpress\wp-includes\class-wp-hook.php(316): WP_Hook->apply_filters('', Array)
#13 C:\xampp\htdocs\basewordpress\wp-includes\plugin.php(484): WP_Hook->do_action(Array)
#14 C:\xampp\htdocs\basewordpress\wp-admin\admin-ajax.php(187): do_action('wp_ajax_as_asyn...')
#15 {main}
  thrown in C:\xampp\htdocs\basewordpress\wp-includes\class-wp-hook.php on line 292

2021-06-09T14:09:46+00:00 CRITICAL Uncaught Error: Unknown named parameter $tasks_meta_id in C:\xampp\htdocs\basewordpress\wp-includes\class-wp-hook.php:292
Stack trace:
#0 C:\xampp\htdocs\basewordpress\wp-includes\class-wp-hook.php(316): WP_Hook->apply_filters('', Array)
#1 C:\xampp\htdocs\basewordpress\wp-includes\plugin.php(551): WP_Hook->do_action(Array)
#2 C:\xampp\htdocs\basewordpress\wp-content\plugins\woocommerce\packages\action-scheduler\classes\actions\ActionScheduler_Action.php(22): do_action_ref_array('wpforms_admin_n...', Array)
#3 C:\xampp\htdocs\basewordpress\wp-content\plugins\woocommerce\packages\action-scheduler\classes\abstracts\ActionScheduler_Abstract_QueueRunner.php(65): ActionScheduler_Action->execute()
#4 C:\xampp\htdocs\basewordpress\wp-content\plugins\woocommerce\packages\action-scheduler\classes\ActionScheduler_QueueRunner.php(162): ActionScheduler_Abstract_QueueRunner->process_action(134, 'WP Cron')
#5 C:\xampp\htdocs\basewordpress\wp-content\plugins\woocommerce\packages\action-scheduler\classes\ActionScheduler_QueueRunner.php(132): ActionScheduler_QueueRunner->do_batch(25, 'WP Cron')
#6 C:\xampp\htdocs\basewordpress\wp-includes\class-wp-hook.php(292): ActionScheduler_QueueRunner->run('WP Cron')
#7 C:\xampp\htdocs\basewordpress\wp-includes\class-wp-hook.php(316): WP_Hook->apply_filters('', Array)
#8 C:\xampp\htdocs\basewordpress\wp-includes\plugin.php(551): WP_Hook->do_action(Array)
#9 C:\xampp\htdocs\basewordpress\wp-cron.php(138): do_action_ref_array('action_schedule...', Array)
#10 {main}
  thrown in C:\xampp\htdocs\basewordpress\wp-includes\class-wp-hook.php on line 292

2021-06-09T14:10:45+00:00 CRITICAL Uncaught Error: Unknown named parameter $tasks_meta_id in C:\xampp\htdocs\basewordpress\wp-includes\class-wp-hook.php:292
Stack trace:
#0 C:\xampp\htdocs\basewordpress\wp-includes\class-wp-hook.php(316): WP_Hook->apply_filters('', Array)
#1 C:\xampp\htdocs\basewordpress\wp-includes\plugin.php(551): WP_Hook->do_action(Array)
#2 C:\xampp\htdocs\basewordpress\wp-content\plugins\woocommerce\packages\action-scheduler\classes\actions\ActionScheduler_Action.php(22): do_action_ref_array('wpforms_admin_n...', Array)
#3 C:\xampp\htdocs\basewordpress\wp-content\plugins\woocommerce\packages\action-scheduler\classes\abstracts\ActionScheduler_Abstract_QueueRunner.php(65): ActionScheduler_Action->execute()
#4 C:\xampp\htdocs\basewordpress\wp-content\plugins\woocommerce\packages\action-scheduler\classes\ActionScheduler_QueueRunner.php(162): ActionScheduler_Abstract_QueueRunner->process_action(135, 'Async Request')
#5 C:\xampp\htdocs\basewordpress\wp-content\plugins\woocommerce\packages\action-scheduler\classes\ActionScheduler_QueueRunner.php(132): ActionScheduler_QueueRunner->do_batch(25, 'Async Request')
#6 C:\xampp\htdocs\basewordpress\wp-includes\class-wp-hook.php(292): ActionScheduler_QueueRunner->run('Async Request')
#7 C:\xampp\htdocs\basewordpress\wp-includes\class-wp-hook.php(316): WP_Hook->apply_filters('', Array)
#8 C:\xampp\htdocs\basewordpress\wp-includes\plugin.php(484): WP_Hook->do_action(Array)
#9 C:\xampp\htdocs\basewordpress\wp-content\plugins\woocommerce\packages\action-scheduler\classes\ActionScheduler_AsyncRequest_QueueRunner.php(52): do_action('action_schedule...', 'Async Request')
#10 C:\xampp\htdocs\basewordpress\wp-content\plugins\woocommerce\includes\libraries\wp-async-request.php(147): ActionScheduler_AsyncRequest_QueueRunner->handle()
#11 C:\xampp\htdocs\basewordpress\wp-includes\class-wp-hook.php(292): WP_Async_Request->maybe_handle('')
#12 C:\xampp\htdocs\basewordpress\wp-includes\class-wp-hook.php(316): WP_Hook->apply_filters('', Array)
#13 C:\xampp\htdocs\basewordpress\wp-includes\plugin.php(484): WP_Hook->do_action(Array)
#14 C:\xampp\htdocs\basewordpress\wp-admin\admin-ajax.php(187): do_action('wp_ajax_as_asyn...')
#15 {main}
  thrown in C:\xampp\htdocs\basewordpress\wp-includes\class-wp-hook.php on line 292

2021-06-09T14:10:47+00:00 CRITICAL Uncaught Error: Unknown named parameter $tasks_meta_id in C:\xampp\htdocs\basewordpress\wp-includes\class-wp-hook.php:292
Stack trace:
#0 C:\xampp\htdocs\basewordpress\wp-includes\class-wp-hook.php(316): WP_Hook->apply_filters('', Array)
#1 C:\xampp\htdocs\basewordpress\wp-includes\plugin.php(551): WP_Hook->do_action(Array)
#2 C:\xampp\htdocs\basewordpress\wp-content\plugins\woocommerce\packages\action-scheduler\classes\actions\ActionScheduler_Action.php(22): do_action_ref_array('wpforms_admin_n...', Array)
#3 C:\xampp\htdocs\basewordpress\wp-content\plugins\woocommerce\packages\action-scheduler\classes\abstracts\ActionScheduler_Abstract_QueueRunner.php(65): ActionScheduler_Action->execute()
#4 C:\xampp\htdocs\basewordpress\wp-content\plugins\woocommerce\packages\action-scheduler\classes\ActionScheduler_QueueRunner.php(162): ActionScheduler_Abstract_QueueRunner->process_action(136, 'WP Cron')
#5 C:\xampp\htdocs\basewordpress\wp-content\plugins\woocommerce\packages\action-scheduler\classes\ActionScheduler_QueueRunner.php(132): ActionScheduler_QueueRunner->do_batch(25, 'WP Cron')
#6 C:\xampp\htdocs\basewordpress\wp-includes\class-wp-hook.php(292): ActionScheduler_QueueRunner->run('WP Cron')
#7 C:\xampp\htdocs\basewordpress\wp-includes\class-wp-hook.php(316): WP_Hook->apply_filters('', Array)
#8 C:\xampp\htdocs\basewordpress\wp-includes\plugin.php(551): WP_Hook->do_action(Array)
#9 C:\xampp\htdocs\basewordpress\wp-cron.php(138): do_action_ref_array('action_schedule...', Array)
#10 {main}
  thrown in C:\xampp\htdocs\basewordpress\wp-includes\class-wp-hook.php on line 292

2021-06-09T14:26:39+00:00 CRITICAL Uncaught Error: Unknown named parameter $tasks_meta_id in C:\xampp\htdocs\basewordpress\wp-includes\class-wp-hook.php:292
Stack trace:
#0 C:\xampp\htdocs\basewordpress\wp-includes\class-wp-hook.php(316): WP_Hook->apply_filters('', Array)
#1 C:\xampp\htdocs\basewordpress\wp-includes\plugin.php(551): WP_Hook->do_action(Array)
#2 C:\xampp\htdocs\basewordpress\wp-content\plugins\woocommerce\packages\action-scheduler\classes\actions\ActionScheduler_Action.php(22): do_action_ref_array('wpforms_admin_n...', Array)
#3 C:\xampp\htdocs\basewordpress\wp-content\plugins\woocommerce\packages\action-scheduler\classes\abstracts\ActionScheduler_Abstract_QueueRunner.php(65): ActionScheduler_Action->execute()
#4 C:\xampp\htdocs\basewordpress\wp-content\plugins\woocommerce\packages\action-scheduler\classes\ActionScheduler_QueueRunner.php(162): ActionScheduler_Abstract_QueueRunner->process_action(137, 'WP Cron')
#5 C:\xampp\htdocs\basewordpress\wp-content\plugins\woocommerce\packages\action-scheduler\classes\ActionScheduler_QueueRunner.php(132): ActionScheduler_QueueRunner->do_batch(25, 'WP Cron')
#6 C:\xampp\htdocs\basewordpress\wp-includes\class-wp-hook.php(292): ActionScheduler_QueueRunner->run('WP Cron')
#7 C:\xampp\htdocs\basewordpress\wp-includes\class-wp-hook.php(316): WP_Hook->apply_filters('', Array)
#8 C:\xampp\htdocs\basewordpress\wp-includes\plugin.php(551): WP_Hook->do_action(Array)
#9 C:\xampp\htdocs\basewordpress\wp-cron.php(138): do_action_ref_array('action_schedule...', Array)
#10 {main}
  thrown in C:\xampp\htdocs\basewordpress\wp-includes\class-wp-hook.php on line 292

2021-06-09T14:26:40+00:00 CRITICAL Uncaught Error: Unknown named parameter $tasks_meta_id in C:\xampp\htdocs\basewordpress\wp-includes\class-wp-hook.php:292
Stack trace:
#0 C:\xampp\htdocs\basewordpress\wp-includes\class-wp-hook.php(316): WP_Hook->apply_filters('', Array)
#1 C:\xampp\htdocs\basewordpress\wp-includes\plugin.php(551): WP_Hook->do_action(Array)
#2 C:\xampp\htdocs\basewordpress\wp-content\plugins\woocommerce\packages\action-scheduler\classes\actions\ActionScheduler_Action.php(22): do_action_ref_array('wpforms_admin_n...', Array)
#3 C:\xampp\htdocs\basewordpress\wp-content\plugins\woocommerce\packages\action-scheduler\classes\abstracts\ActionScheduler_Abstract_QueueRunner.php(65): ActionScheduler_Action->execute()
#4 C:\xampp\htdocs\basewordpress\wp-content\plugins\woocommerce\packages\action-scheduler\classes\ActionScheduler_QueueRunner.php(162): ActionScheduler_Abstract_QueueRunner->process_action(138, 'Async Request')
#5 C:\xampp\htdocs\basewordpress\wp-content\plugins\woocommerce\packages\action-scheduler\classes\ActionScheduler_QueueRunner.php(132): ActionScheduler_QueueRunner->do_batch(25, 'Async Request')
#6 C:\xampp\htdocs\basewordpress\wp-includes\class-wp-hook.php(292): ActionScheduler_QueueRunner->run('Async Request')
#7 C:\xampp\htdocs\basewordpress\wp-includes\class-wp-hook.php(316): WP_Hook->apply_filters('', Array)
#8 C:\xampp\htdocs\basewordpress\wp-includes\plugin.php(484): WP_Hook->do_action(Array)
#9 C:\xampp\htdocs\basewordpress\wp-content\plugins\woocommerce\packages\action-scheduler\classes\ActionScheduler_AsyncRequest_QueueRunner.php(52): do_action('action_schedule...', 'Async Request')
#10 C:\xampp\htdocs\basewordpress\wp-content\plugins\woocommerce\includes\libraries\wp-async-request.php(147): ActionScheduler_AsyncRequest_QueueRunner->handle()
#11 C:\xampp\htdocs\basewordpress\wp-includes\class-wp-hook.php(292): WP_Async_Request->maybe_handle('')
#12 C:\xampp\htdocs\basewordpress\wp-includes\class-wp-hook.php(316): WP_Hook->apply_filters('', Array)
#13 C:\xampp\htdocs\basewordpress\wp-includes\plugin.php(484): WP_Hook->do_action(Array)
#14 C:\xampp\htdocs\basewordpress\wp-admin\admin-ajax.php(187): do_action('wp_ajax_as_asyn...')
#15 {main}
  thrown in C:\xampp\htdocs\basewordpress\wp-includes\class-wp-hook.php on line 292

2021-06-09T14:28:09+00:00 CRITICAL Uncaught Error: Unknown named parameter $tasks_meta_id in C:\xampp\htdocs\basewordpress\wp-includes\class-wp-hook.php:292
Stack trace:
#0 C:\xampp\htdocs\basewordpress\wp-includes\class-wp-hook.php(316): WP_Hook->apply_filters('', Array)
#1 C:\xampp\htdocs\basewordpress\wp-includes\plugin.php(551): WP_Hook->do_action(Array)
#2 C:\xampp\htdocs\basewordpress\wp-content\plugins\woocommerce\packages\action-scheduler\classes\actions\ActionScheduler_Action.php(22): do_action_ref_array('wpforms_admin_n...', Array)
#3 C:\xampp\htdocs\basewordpress\wp-content\plugins\woocommerce\packages\action-scheduler\classes\abstracts\ActionScheduler_Abstract_QueueRunner.php(65): ActionScheduler_Action->execute()
#4 C:\xampp\htdocs\basewordpress\wp-content\plugins\woocommerce\packages\action-scheduler\classes\ActionScheduler_QueueRunner.php(162): ActionScheduler_Abstract_QueueRunner->process_action(139, 'WP Cron')
#5 C:\xampp\htdocs\basewordpress\wp-content\plugins\woocommerce\packages\action-scheduler\classes\ActionScheduler_QueueRunner.php(132): ActionScheduler_QueueRunner->do_batch(25, 'WP Cron')
#6 C:\xampp\htdocs\basewordpress\wp-includes\class-wp-hook.php(292): ActionScheduler_QueueRunner->run('WP Cron')
#7 C:\xampp\htdocs\basewordpress\wp-includes\class-wp-hook.php(316): WP_Hook->apply_filters('', Array)
#8 C:\xampp\htdocs\basewordpress\wp-includes\plugin.php(551): WP_Hook->do_action(Array)
#9 C:\xampp\htdocs\basewordpress\wp-cron.php(138): do_action_ref_array('action_schedule...', Array)
#10 {main}
  thrown in C:\xampp\htdocs\basewordpress\wp-includes\class-wp-hook.php on line 292

2021-06-09T14:29:31+00:00 CRITICAL Uncaught Error: Unknown named parameter $tasks_meta_id in C:\xampp\htdocs\basewordpress\wp-includes\class-wp-hook.php:292
Stack trace:
#0 C:\xampp\htdocs\basewordpress\wp-includes\class-wp-hook.php(316): WP_Hook->apply_filters('', Array)
#1 C:\xampp\htdocs\basewordpress\wp-includes\plugin.php(551): WP_Hook->do_action(Array)
#2 C:\xampp\htdocs\basewordpress\wp-content\plugins\woocommerce\packages\action-scheduler\classes\actions\ActionScheduler_Action.php(22): do_action_ref_array('wpforms_admin_n...', Array)
#3 C:\xampp\htdocs\basewordpress\wp-content\plugins\woocommerce\packages\action-scheduler\classes\abstracts\ActionScheduler_Abstract_QueueRunner.php(65): ActionScheduler_Action->execute()
#4 C:\xampp\htdocs\basewordpress\wp-content\plugins\woocommerce\packages\action-scheduler\classes\ActionScheduler_QueueRunner.php(162): ActionScheduler_Abstract_QueueRunner->process_action(140, 'Async Request')
#5 C:\xampp\htdocs\basewordpress\wp-content\plugins\woocommerce\packages\action-scheduler\classes\ActionScheduler_QueueRunner.php(132): ActionScheduler_QueueRunner->do_batch(25, 'Async Request')
#6 C:\xampp\htdocs\basewordpress\wp-includes\class-wp-hook.php(292): ActionScheduler_QueueRunner->run('Async Request')
#7 C:\xampp\htdocs\basewordpress\wp-includes\class-wp-hook.php(316): WP_Hook->apply_filters('', Array)
#8 C:\xampp\htdocs\basewordpress\wp-includes\plugin.php(484): WP_Hook->do_action(Array)
#9 C:\xampp\htdocs\basewordpress\wp-content\plugins\woocommerce\packages\action-scheduler\classes\ActionScheduler_AsyncRequest_QueueRunner.php(52): do_action('action_schedule...', 'Async Request')
#10 C:\xampp\htdocs\basewordpress\wp-content\plugins\woocommerce\includes\libraries\wp-async-request.php(147): ActionScheduler_AsyncRequest_QueueRunner->handle()
#11 C:\xampp\htdocs\basewordpress\wp-includes\class-wp-hook.php(292): WP_Async_Request->maybe_handle('')
#12 C:\xampp\htdocs\basewordpress\wp-includes\class-wp-hook.php(316): WP_Hook->apply_filters('', Array)
#13 C:\xampp\htdocs\basewordpress\wp-includes\plugin.php(484): WP_Hook->do_action(Array)
#14 C:\xampp\htdocs\basewordpress\wp-admin\admin-ajax.php(187): do_action('wp_ajax_as_asyn...')
#15 {main}
  thrown in C:\xampp\htdocs\basewordpress\wp-includes\class-wp-hook.php on line 292

2021-06-09T15:49:59+00:00 CRITICAL Uncaught Error: Unknown named parameter $tasks_meta_id in C:\xampp\htdocs\basewordpress\wp-includes\class-wp-hook.php:292
Stack trace:
#0 C:\xampp\htdocs\basewordpress\wp-includes\class-wp-hook.php(316): WP_Hook->apply_filters('', Array)
#1 C:\xampp\htdocs\basewordpress\wp-includes\plugin.php(551): WP_Hook->do_action(Array)
#2 C:\xampp\htdocs\basewordpress\wp-content\plugins\woocommerce\packages\action-scheduler\classes\actions\ActionScheduler_Action.php(22): do_action_ref_array('wpforms_admin_n...', Array)
#3 C:\xampp\htdocs\basewordpress\wp-content\plugins\woocommerce\packages\action-scheduler\classes\abstracts\ActionScheduler_Abstract_QueueRunner.php(65): ActionScheduler_Action->execute()
#4 C:\xampp\htdocs\basewordpress\wp-content\plugins\woocommerce\packages\action-scheduler\classes\ActionScheduler_QueueRunner.php(162): ActionScheduler_Abstract_QueueRunner->process_action(141, 'WP Cron')
#5 C:\xampp\htdocs\basewordpress\wp-content\plugins\woocommerce\packages\action-scheduler\classes\ActionScheduler_QueueRunner.php(132): ActionScheduler_QueueRunner->do_batch(25, 'WP Cron')
#6 C:\xampp\htdocs\basewordpress\wp-includes\class-wp-hook.php(292): ActionScheduler_QueueRunner->run('WP Cron')
#7 C:\xampp\htdocs\basewordpress\wp-includes\class-wp-hook.php(316): WP_Hook->apply_filters('', Array)
#8 C:\xampp\htdocs\basewordpress\wp-includes\plugin.php(551): WP_Hook->do_action(Array)
#9 C:\xampp\htdocs\basewordpress\wp-cron.php(138): do_action_ref_array('action_schedule...', Array)
#10 {main}
  thrown in C:\xampp\htdocs\basewordpress\wp-includes\class-wp-hook.php on line 292

2021-06-09T15:50:07+00:00 CRITICAL Uncaught Error: Unknown named parameter $tasks_meta_id in C:\xampp\htdocs\basewordpress\wp-includes\class-wp-hook.php:292
Stack trace:
#0 C:\xampp\htdocs\basewordpress\wp-includes\class-wp-hook.php(316): WP_Hook->apply_filters('', Array)
#1 C:\xampp\htdocs\basewordpress\wp-includes\plugin.php(551): WP_Hook->do_action(Array)
#2 C:\xampp\htdocs\basewordpress\wp-content\plugins\woocommerce\packages\action-scheduler\classes\actions\ActionScheduler_Action.php(22): do_action_ref_array('wpforms_admin_n...', Array)
#3 C:\xampp\htdocs\basewordpress\wp-content\plugins\woocommerce\packages\action-scheduler\classes\abstracts\ActionScheduler_Abstract_QueueRunner.php(65): ActionScheduler_Action->execute()
#4 C:\xampp\htdocs\basewordpress\wp-content\plugins\woocommerce\packages\action-scheduler\classes\ActionScheduler_QueueRunner.php(162): ActionScheduler_Abstract_QueueRunner->process_action(142, 'Async Request')
#5 C:\xampp\htdocs\basewordpress\wp-content\plugins\woocommerce\packages\action-scheduler\classes\ActionScheduler_QueueRunner.php(132): ActionScheduler_QueueRunner->do_batch(25, 'Async Request')
#6 C:\xampp\htdocs\basewordpress\wp-includes\class-wp-hook.php(292): ActionScheduler_QueueRunner->run('Async Request')
#7 C:\xampp\htdocs\basewordpress\wp-includes\class-wp-hook.php(316): WP_Hook->apply_filters('', Array)
#8 C:\xampp\htdocs\basewordpress\wp-includes\plugin.php(484): WP_Hook->do_action(Array)
#9 C:\xampp\htdocs\basewordpress\wp-content\plugins\woocommerce\packages\action-scheduler\classes\ActionScheduler_AsyncRequest_QueueRunner.php(52): do_action('action_schedule...', 'Async Request')
#10 C:\xampp\htdocs\basewordpress\wp-content\plugins\woocommerce\includes\libraries\wp-async-request.php(147): ActionScheduler_AsyncRequest_QueueRunner->handle()
#11 C:\xampp\htdocs\basewordpress\wp-includes\class-wp-hook.php(292): WP_Async_Request->maybe_handle('')
#12 C:\xampp\htdocs\basewordpress\wp-includes\class-wp-hook.php(316): WP_Hook->apply_filters('', Array)
#13 C:\xampp\htdocs\basewordpress\wp-includes\plugin.php(484): WP_Hook->do_action(Array)
#14 C:\xampp\htdocs\basewordpress\wp-admin\admin-ajax.php(187): do_action('wp_ajax_as_asyn...')
#15 {main}
  thrown in C:\xampp\htdocs\basewordpress\wp-includes\class-wp-hook.php on line 292

